<?xml version="1.0" encoding="UTF-8"?>
<testsuite xmlns:xsi="http://www.w3.org/2001/XMLSchema-instance" xsi:noNamespaceSchemaLocation="https://maven.apache.org/surefire/maven-surefire-plugin/xsd/surefire-test-report-3.0.xsd" version="3.0" name="TestSuite" time="30.048" tests="4" errors="0" skipped="0" failures="1">
  <properties>
    <property name="java.specification.version" value="15"/>
    <property name="sun.jnu.encoding" value="UTF-8"/>
    <property name="java.class.path" value="/Users/supreeth/eclipse-workspace/MavenFrameworkBuild/target/test-classes:/Users/supreeth/eclipse-workspace/MavenFrameworkBuild/target/classes:/Users/supreeth/.m2/repository/junit/junit/4.11/junit-4.11.jar:/Users/supreeth/.m2/repository/org/hamcrest/hamcrest-core/1.3/hamcrest-core-1.3.jar:/Users/supreeth/.m2/repository/org/seleniumhq/selenium/selenium-java/3.141.59/selenium-java-3.141.59.jar:/Users/supreeth/.m2/repository/org/seleniumhq/selenium/selenium-api/3.141.59/selenium-api-3.141.59.jar:/Users/supreeth/.m2/repository/org/seleniumhq/selenium/selenium-chrome-driver/3.141.59/selenium-chrome-driver-3.141.59.jar:/Users/supreeth/.m2/repository/org/seleniumhq/selenium/selenium-edge-driver/3.141.59/selenium-edge-driver-3.141.59.jar:/Users/supreeth/.m2/repository/org/seleniumhq/selenium/selenium-firefox-driver/3.141.59/selenium-firefox-driver-3.141.59.jar:/Users/supreeth/.m2/repository/org/seleniumhq/selenium/selenium-ie-driver/3.141.59/selenium-ie-driver-3.141.59.jar:/Users/supreeth/.m2/repository/org/seleniumhq/selenium/selenium-opera-driver/3.141.59/selenium-opera-driver-3.141.59.jar:/Users/supreeth/.m2/repository/org/seleniumhq/selenium/selenium-remote-driver/3.141.59/selenium-remote-driver-3.141.59.jar:/Users/supreeth/.m2/repository/org/seleniumhq/selenium/selenium-safari-driver/3.141.59/selenium-safari-driver-3.141.59.jar:/Users/supreeth/.m2/repository/org/seleniumhq/selenium/selenium-support/3.141.59/selenium-support-3.141.59.jar:/Users/supreeth/.m2/repository/net/bytebuddy/byte-buddy/1.8.15/byte-buddy-1.8.15.jar:/Users/supreeth/.m2/repository/org/apache/commons/commons-exec/1.3/commons-exec-1.3.jar:/Users/supreeth/.m2/repository/com/google/guava/guava/25.0-jre/guava-25.0-jre.jar:/Users/supreeth/.m2/repository/com/google/code/findbugs/jsr305/1.3.9/jsr305-1.3.9.jar:/Users/supreeth/.m2/repository/org/checkerframework/checker-compat-qual/2.0.0/checker-compat-qual-2.0.0.jar:/Users/supreeth/.m2/repository/com/google/errorprone/error_prone_annotations/2.1.3/error_prone_annotations-2.1.3.jar:/Users/supreeth/.m2/repository/com/google/j2objc/j2objc-annotations/1.1/j2objc-annotations-1.1.jar:/Users/supreeth/.m2/repository/org/codehaus/mojo/animal-sniffer-annotations/1.14/animal-sniffer-annotations-1.14.jar:/Users/supreeth/.m2/repository/com/squareup/okhttp3/okhttp/3.11.0/okhttp-3.11.0.jar:/Users/supreeth/.m2/repository/com/squareup/okio/okio/1.14.0/okio-1.14.0.jar:/Users/supreeth/.m2/repository/org/testng/testng/7.3.0/testng-7.3.0.jar:/Users/supreeth/.m2/repository/com/beust/jcommander/1.78/jcommander-1.78.jar:/Users/supreeth/.m2/repository/org/apache/ant/ant/1.10.3/ant-1.10.3.jar:/Users/supreeth/.m2/repository/org/apache/ant/ant-launcher/1.10.3/ant-launcher-1.10.3.jar:/Users/supreeth/.m2/repository/com/google/inject/guice/4.2.2/guice-4.2.2-no_aop.jar:/Users/supreeth/.m2/repository/javax/inject/javax.inject/1/javax.inject-1.jar:/Users/supreeth/.m2/repository/aopalliance/aopalliance/1.0/aopalliance-1.0.jar:/Users/supreeth/.m2/repository/org/yaml/snakeyaml/1.21/snakeyaml-1.21.jar:/Users/supreeth/.m2/repository/org/apache/logging/log4j/log4j-api/2.14.1/log4j-api-2.14.1.jar:/Users/supreeth/.m2/repository/org/apache/logging/log4j/log4j-core/2.14.1/log4j-core-2.14.1.jar:/Users/supreeth/.m2/repository/commons-io/commons-io/2.8.0/commons-io-2.8.0.jar:/Users/supreeth/.m2/repository/com/aventstack/extentreports/5.0.8/extentreports-5.0.8.jar:/Users/supreeth/.m2/repository/io/reactivex/rxjava3/rxjava/3.0.4/rxjava-3.0.4.jar:/Users/supreeth/.m2/repository/org/reactivestreams/reactive-streams/1.0.3/reactive-streams-1.0.3.jar:/Users/supreeth/.m2/repository/org/freemarker/freemarker/2.3.30/freemarker-2.3.30.jar:/Users/supreeth/.m2/repository/org/projectlombok/lombok/1.18.12/lombok-1.18.12.jar:/Users/supreeth/.m2/repository/com/google/code/gson/gson/2.8.6/gson-2.8.6.jar:"/>
    <property name="java.vm.vendor" value="Oracle Corporation"/>
    <property name="sun.arch.data.model" value="64"/>
    <property name="java.vendor.url" value="https://java.oracle.com/"/>
    <property name="user.timezone" value="America/New_York"/>
    <property name="os.name" value="Mac OS X"/>
    <property name="java.vm.specification.version" value="15"/>
    <property name="sun.java.launcher" value="SUN_STANDARD"/>
    <property name="user.country" value="US"/>
    <property name="sun.boot.library.path" value="/Library/Java/JavaVirtualMachines/jdk-15.0.1.jdk/Contents/Home/lib"/>
    <property name="sun.java.command" value="/Users/supreeth/eclipse-workspace/MavenFrameworkBuild/target/surefire/surefirebooter1382740645403678136.jar /Users/supreeth/eclipse-workspace/MavenFrameworkBuild/target/surefire 2022-06-10T16-57-27_261-jvmRun1 surefire7061217588630893165tmp surefire_05268766712880224675tmp"/>
    <property name="http.nonProxyHosts" value="local|*.local|169.254/16|*.169.254/16"/>
    <property name="jdk.debug" value="release"/>
    <property name="surefire.test.class.path" value="/Users/supreeth/eclipse-workspace/MavenFrameworkBuild/target/test-classes:/Users/supreeth/eclipse-workspace/MavenFrameworkBuild/target/classes:/Users/supreeth/.m2/repository/junit/junit/4.11/junit-4.11.jar:/Users/supreeth/.m2/repository/org/hamcrest/hamcrest-core/1.3/hamcrest-core-1.3.jar:/Users/supreeth/.m2/repository/org/seleniumhq/selenium/selenium-java/3.141.59/selenium-java-3.141.59.jar:/Users/supreeth/.m2/repository/org/seleniumhq/selenium/selenium-api/3.141.59/selenium-api-3.141.59.jar:/Users/supreeth/.m2/repository/org/seleniumhq/selenium/selenium-chrome-driver/3.141.59/selenium-chrome-driver-3.141.59.jar:/Users/supreeth/.m2/repository/org/seleniumhq/selenium/selenium-edge-driver/3.141.59/selenium-edge-driver-3.141.59.jar:/Users/supreeth/.m2/repository/org/seleniumhq/selenium/selenium-firefox-driver/3.141.59/selenium-firefox-driver-3.141.59.jar:/Users/supreeth/.m2/repository/org/seleniumhq/selenium/selenium-ie-driver/3.141.59/selenium-ie-driver-3.141.59.jar:/Users/supreeth/.m2/repository/org/seleniumhq/selenium/selenium-opera-driver/3.141.59/selenium-opera-driver-3.141.59.jar:/Users/supreeth/.m2/repository/org/seleniumhq/selenium/selenium-remote-driver/3.141.59/selenium-remote-driver-3.141.59.jar:/Users/supreeth/.m2/repository/org/seleniumhq/selenium/selenium-safari-driver/3.141.59/selenium-safari-driver-3.141.59.jar:/Users/supreeth/.m2/repository/org/seleniumhq/selenium/selenium-support/3.141.59/selenium-support-3.141.59.jar:/Users/supreeth/.m2/repository/net/bytebuddy/byte-buddy/1.8.15/byte-buddy-1.8.15.jar:/Users/supreeth/.m2/repository/org/apache/commons/commons-exec/1.3/commons-exec-1.3.jar:/Users/supreeth/.m2/repository/com/google/guava/guava/25.0-jre/guava-25.0-jre.jar:/Users/supreeth/.m2/repository/com/google/code/findbugs/jsr305/1.3.9/jsr305-1.3.9.jar:/Users/supreeth/.m2/repository/org/checkerframework/checker-compat-qual/2.0.0/checker-compat-qual-2.0.0.jar:/Users/supreeth/.m2/repository/com/google/errorprone/error_prone_annotations/2.1.3/error_prone_annotations-2.1.3.jar:/Users/supreeth/.m2/repository/com/google/j2objc/j2objc-annotations/1.1/j2objc-annotations-1.1.jar:/Users/supreeth/.m2/repository/org/codehaus/mojo/animal-sniffer-annotations/1.14/animal-sniffer-annotations-1.14.jar:/Users/supreeth/.m2/repository/com/squareup/okhttp3/okhttp/3.11.0/okhttp-3.11.0.jar:/Users/supreeth/.m2/repository/com/squareup/okio/okio/1.14.0/okio-1.14.0.jar:/Users/supreeth/.m2/repository/org/testng/testng/7.3.0/testng-7.3.0.jar:/Users/supreeth/.m2/repository/com/beust/jcommander/1.78/jcommander-1.78.jar:/Users/supreeth/.m2/repository/org/apache/ant/ant/1.10.3/ant-1.10.3.jar:/Users/supreeth/.m2/repository/org/apache/ant/ant-launcher/1.10.3/ant-launcher-1.10.3.jar:/Users/supreeth/.m2/repository/com/google/inject/guice/4.2.2/guice-4.2.2-no_aop.jar:/Users/supreeth/.m2/repository/javax/inject/javax.inject/1/javax.inject-1.jar:/Users/supreeth/.m2/repository/aopalliance/aopalliance/1.0/aopalliance-1.0.jar:/Users/supreeth/.m2/repository/org/yaml/snakeyaml/1.21/snakeyaml-1.21.jar:/Users/supreeth/.m2/repository/org/apache/logging/log4j/log4j-api/2.14.1/log4j-api-2.14.1.jar:/Users/supreeth/.m2/repository/org/apache/logging/log4j/log4j-core/2.14.1/log4j-core-2.14.1.jar:/Users/supreeth/.m2/repository/commons-io/commons-io/2.8.0/commons-io-2.8.0.jar:/Users/supreeth/.m2/repository/com/aventstack/extentreports/5.0.8/extentreports-5.0.8.jar:/Users/supreeth/.m2/repository/io/reactivex/rxjava3/rxjava/3.0.4/rxjava-3.0.4.jar:/Users/supreeth/.m2/repository/org/reactivestreams/reactive-streams/1.0.3/reactive-streams-1.0.3.jar:/Users/supreeth/.m2/repository/org/freemarker/freemarker/2.3.30/freemarker-2.3.30.jar:/Users/supreeth/.m2/repository/org/projectlombok/lombok/1.18.12/lombok-1.18.12.jar:/Users/supreeth/.m2/repository/com/google/code/gson/gson/2.8.6/gson-2.8.6.jar:"/>
    <property name="sun.cpu.endian" value="little"/>
    <property name="user.home" value="/Users/supreeth"/>
    <property name="user.language" value="en"/>
    <property name="java.specification.vendor" value="Oracle Corporation"/>
    <property name="java.version.date" value="2020-10-20"/>
    <property name="java.home" value="/Library/Java/JavaVirtualMachines/jdk-15.0.1.jdk/Contents/Home"/>
    <property name="file.separator" value="/"/>
    <property name="basedir" value="/Users/supreeth/eclipse-workspace/MavenFrameworkBuild"/>
    <property name="java.vm.compressedOopsMode" value="Zero based"/>
    <property name="line.separator" value="&#10;"/>
    <property name="java.specification.name" value="Java Platform API Specification"/>
    <property name="java.vm.specification.vendor" value="Oracle Corporation"/>
    <property name="surefire.real.class.path" value="/Users/supreeth/eclipse-workspace/MavenFrameworkBuild/target/surefire/surefirebooter1382740645403678136.jar"/>
    <property name="sun.management.compiler" value="HotSpot 64-Bit Tiered Compilers"/>
    <property name="ftp.nonProxyHosts" value="local|*.local|169.254/16|*.169.254/16"/>
    <property name="java.runtime.version" value="15.0.1+9-18"/>
    <property name="user.name" value="supreeth"/>
    <property name="path.separator" value=":"/>
    <property name="os.version" value="10.16"/>
    <property name="java.runtime.name" value="Java(TM) SE Runtime Environment"/>
    <property name="file.encoding" value="UTF-8"/>
    <property name="browser" value="safari"/>
    <property name="java.vm.name" value="Java HotSpot(TM) 64-Bit Server VM"/>
    <property name="localRepository" value="/Users/supreeth/.m2/repository"/>
    <property name="java.vendor.url.bug" value="https://bugreport.java.com/bugreport/"/>
    <property name="java.io.tmpdir" value="/var/folders/vn/kjbymxcx2l734mg8tg5zl1k40000gn/T/"/>
    <property name="java.version" value="15.0.1"/>
    <property name="user.dir" value="/Users/supreeth/eclipse-workspace/MavenFrameworkBuild"/>
    <property name="os.arch" value="x86_64"/>
    <property name="java.vm.specification.name" value="Java Virtual Machine Specification"/>
    <property name="java.library.path" value="/Users/supreeth/Library/Java/Extensions:/Library/Java/Extensions:/Network/Library/Java/Extensions:/System/Library/Java/Extensions:/usr/lib/java:."/>
    <property name="java.vm.info" value="mixed mode, sharing"/>
    <property name="java.vendor" value="Oracle Corporation"/>
    <property name="java.vm.version" value="15.0.1+9-18"/>
    <property name="sun.io.unicode.encoding" value="UnicodeBig"/>
    <property name="socksNonProxyHosts" value="local|*.local|169.254/16|*.169.254/16"/>
    <property name="java.class.version" value="59.0"/>
  </properties>
  <testcase name="loginMethod[ghgjhhjr, xyz, Invalid one](1)" classname="example1.MavenFrameworkBuild.LoginTest" time="3.932">
    <system-out><![CDATA[Invalid one
]]></system-out>
    <system-err><![CDATA[Jun 10, 2022 4:57:44 PM org.openqa.selenium.remote.ProtocolHandshake createSession
INFO: Detected dialect: W3C
]]></system-err>
  </testcase>
  <testcase name="loginMethod[standard_user, secret_sauce, Valid one](2)" classname="example1.MavenFrameworkBuild.LoginTest" time="3.535">
    <system-out><![CDATA[Valid one
]]></system-out>
  </testcase>
  <testcase name="loginTextNegative" classname="example1.MavenFrameworkBuild.LoginTextNegative" time="1.176">
    <failure message="expected:&lt;[Sorry!This user is locked out]&gt; but was:&lt;[Epic sadface: Sorry, this user has been locked out.]&gt;" type="org.junit.ComparisonFailure"><![CDATA[org.junit.ComparisonFailure: expected:<[Sorry!This user is locked out]> but was:<[Epic sadface: Sorry, this user has been locked out.]>
	at example1.MavenFrameworkBuild.LoginTextNegative.loginTextNegative(LoginTextNegative.java:46)
]]></failure>
    <system-err><![CDATA[Jun 10, 2022 4:57:53 PM org.openqa.selenium.remote.ProtocolHandshake createSession
INFO: Detected dialect: W3C
]]></system-err>
  </testcase>
  <testcase name="navigationTesting" classname="example1.MavenFrameworkBuild.AddItemsToCartCheckOut" time="1.515">
    <system-out><![CDATA[Checkout: Complete!
THANK YOU FOR YOUR ORDER
]]></system-out>
    <system-err><![CDATA[Jun 10, 2022 4:57:56 PM org.openqa.selenium.remote.ProtocolHandshake createSession
INFO: Detected dialect: W3C
]]></system-err>
  </testcase>
</testsuite>