<?xml version="1.0" encoding="UTF-8"?>
<!-- Generated by org.testng.reporters.JUnitReportReporter -->
<testsuite skipped="0" hostname="Supreeths-MBP.attlocal.net" name="example1.MavenFrameworkBuild.BrowserTest" tests="2" failures="0" timestamp="2021-04-27T13:36:53 EDT" time="23.690" errors="0">
  <testcase name="f" time="9.432" classname="example1.MavenFrameworkBuild.BrowserTest"/>
  <system-out/>
  <testcase name="f" time="14.258" classname="example1.MavenFrameworkBuild.BrowserTest"/>
  <system-out/>
</testsuite> <!-- example1.MavenFrameworkBuild.BrowserTest -->
