<?xml version="1.0" encoding="UTF-8"?>
<!-- Generated by org.testng.reporters.JUnitReportReporter -->
<testsuite skipped="0" hostname="Supreeths-MBP.attlocal.net" name="example1.MavenFrameworkBuild.NavigationBarTest" tests="1" failures="0" timestamp="2021-04-27T13:36:53 EDT" time="0.150" errors="0">
  <testcase name="navigationTesting" time="0.150" classname="example1.MavenFrameworkBuild.NavigationBarTest"/>
  <system-out/>
</testsuite> <!-- example1.MavenFrameworkBuild.NavigationBarTest -->
