<?xml version="1.0" encoding="UTF-8"?>
<!-- Generated by org.testng.reporters.JUnitReportReporter -->
<testsuite skipped="0" hostname="Supreeths-MBP.attlocal.net" name="example1.MavenFrameworkBuild.AppTest" tests="1" failures="0" timestamp="2021-04-27T13:36:53 EDT" time="0.004" errors="0">
  <testcase name="shouldAnswerWithTrue" time="0.004" classname="example1.MavenFrameworkBuild.AppTest"/>
  <system-out/>
</testsuite> <!-- example1.MavenFrameworkBuild.AppTest -->
