<?xml version="1.0" encoding="UTF-8"?>
<!-- Generated by org.testng.reporters.JUnitReportReporter -->
<testsuite hostname="Supreeths-MBP" failures="0" tests="2" name="example1.MavenFrameworkBuild.LoginTest" time="7.582" errors="0" timestamp="2022-06-10T15:40:31 EDT" skipped="0">
  <testcase classname="example1.MavenFrameworkBuild.LoginTest" name="f" time="4.130"/>
  <system-out/>
  <testcase classname="example1.MavenFrameworkBuild.LoginTest" name="f" time="3.452"/>
  <system-out/>
</testsuite> <!-- example1.MavenFrameworkBuild.LoginTest -->
