<?xml version="1.0" encoding="UTF-8"?>
<!-- Generated by org.testng.reporters.JUnitReportReporter -->
<testsuite hostname="Supreeths-MBP" failures="0" tests="1" name="example1.MavenFrameworkBuild.NavigationBarTest" time="0.135" errors="0" timestamp="2022-06-04T09:16:59 EDT" skipped="0">
  <testcase classname="example1.MavenFrameworkBuild.NavigationBarTest" name="navigationTesting" time="0.135"/>
  <system-out/>
</testsuite> <!-- example1.MavenFrameworkBuild.NavigationBarTest -->
