<?xml version="1.0" encoding="UTF-8"?>
<!-- Generated by org.testng.reporters.JUnitReportReporter -->
<testsuite hostname="Supreeths-MBP" failures="0" tests="2" name="example1.MavenFrameworkBuild.LoginTest" time="7.965" errors="0" timestamp="2022-06-10T16:57:58 EDT" skipped="0">
  <testcase classname="example1.MavenFrameworkBuild.LoginTest" name="loginMethod" time="4.428"/>
  <system-out/>
  <testcase classname="example1.MavenFrameworkBuild.LoginTest" name="loginMethod" time="3.537"/>
  <system-out/>
</testsuite> <!-- example1.MavenFrameworkBuild.LoginTest -->
