<?xml version="1.0" encoding="UTF-8"?>
<!-- Generated by org.testng.reporters.JUnitReportReporter -->
<testsuite hostname="Supreeths-MBP" failures="0" tests="1" name="example1.MavenFrameworkBuild.AddItemsToCartCheckOut" time="1.547" errors="0" timestamp="2022-06-10T16:57:58 EDT" skipped="0">
  <testcase classname="example1.MavenFrameworkBuild.AddItemsToCartCheckOut" name="navigationTesting" time="1.547"/>
  <system-out/>
</testsuite> <!-- example1.MavenFrameworkBuild.AddItemsToCartCheckOut -->
